yarn run v1.22.22
$ next dev
   ▲ Next.js 15.2.4
   - Local:        http://localhost:3000
   - Network:      http://10.64.140.194:3000

 ✓ Starting...
 ✓ Ready in 3.5s
 ○ Compiling / ...
 ✓ Compiled / in 7.9s (742 modules)
 ✓ Compiled in 2.4s (324 modules)
 GET / 200 in 10484ms
 ✓ Compiled in 1402ms (324 modules)
 GET / 200 in 2611ms
 ✓ Compiled in 1223ms (324 modules)
 ✓ Compiled in 931ms (324 modules)
 ✓ Compiled in 964ms (324 modules)
 ✓ Compiled in 802ms (324 modules)
 ✓ Compiled in 803ms (324 modules)
 ✓ Compiled in 981ms (324 modules)
 ✓ Compiled in 995ms (324 modules)
 ✓ Compiled in 1013ms (324 modules)
 ✓ Compiled in 1110ms (324 modules)
 ✓ Compiled in 1308ms (324 modules)
 GET / 200 in 1293ms
 ✓ Compiled in 1091ms (324 modules)
 ✓ Compiled in 440ms (324 modules)
 ✓ Compiled in 390ms (324 modules)
 ✓ Compiled in 251ms (324 modules)
 ✓ Compiled in 325ms (324 modules)
 ✓ Compiled in 214ms (324 modules)
 ✓ Compiled in 306ms (324 modules)
 ✓ Compiled in 226ms (324 modules)
 ✓ Compiled in 381ms (324 modules)
 ✓ Compiled in 310ms (324 modules)
 ✓ Compiled in 324ms (324 modules)
 ✓ Compiled in 268ms (324 modules)
 ✓ Compiled in 312ms (324 modules)
 ✓ Compiled in 271ms (324 modules)
 ✓ Compiled in 301ms (324 modules)
 ✓ Compiled in 318ms (324 modules)
 ✓ Compiled in 302ms (324 modules)
 ✓ Compiled in 323ms (324 modules)
 ✓ Compiled in 215ms (324 modules)
 ✓ Compiled in 313ms (324 modules)
 ✓ Compiled in 236ms (324 modules)
 ✓ Compiled in 556ms (324 modules)
 ✓ Compiled in 620ms (324 modules)
 ✓ Compiled in 398ms (324 modules)
 ✓ Compiled in 202ms (324 modules)
 ✓ Compiled in 369ms (324 modules)
 ✓ Compiled in 189ms (324 modules)
 ✓ Compiled in 310ms (324 modules)
 ✓ Compiled in 220ms (324 modules)
 ✓ Compiled in 270ms (324 modules)
 ✓ Compiled in 277ms (324 modules)
 ✓ Compiled in 305ms (324 modules)
 ✓ Compiled in 215ms (324 modules)
 ✓ Compiled in 289ms (324 modules)
 ✓ Compiled in 299ms (324 modules)
 ✓ Compiled in 301ms (324 modules)
 ✓ Compiled in 274ms (324 modules)
 ✓ Compiled in 303ms (324 modules)
 ✓ Compiled in 220ms (324 modules)
 ✓ Compiled in 293ms (324 modules)
 ✓ Compiled in 284ms (324 modules)
 ✓ Compiled in 220ms (324 modules)
 ✓ Compiled in 300ms (324 modules)
 ✓ Compiled in 226ms (324 modules)
 ✓ Compiled in 334ms (324 modules)
 ✓ Compiled in 201ms (324 modules)
 ✓ Compiled in 341ms (324 modules)
 ✓ Compiled in 193ms (324 modules)
 ✓ Compiled in 328ms (324 modules)
 ✓ Compiled in 252ms (324 modules)
 ✓ Compiled in 293ms (324 modules)
 ✓ Compiled in 283ms (324 modules)
 ✓ Compiled in 214ms (324 modules)
 ✓ Compiled in 219ms (324 modules)
 ✓ Compiled in 262ms (324 modules)
 ✓ Compiled in 231ms (324 modules)
 ✓ Compiled in 232ms (324 modules)
 ✓ Compiled in 294ms (324 modules)
 ✓ Compiled in 233ms (324 modules)
 ✓ Compiled in 362ms (324 modules)
 ✓ Compiled in 274ms (324 modules)
 ✓ Compiled in 252ms (324 modules)
 ✓ Compiled in 253ms (324 modules)
 ✓ Compiled in 281ms (324 modules)
 ✓ Compiled in 221ms (324 modules)
 ✓ Compiled in 260ms (324 modules)
 ✓ Compiled in 235ms (324 modules)
 ✓ Compiled in 298ms (324 modules)
 ✓ Compiled in 280ms (324 modules)
 ✓ Compiled in 223ms (324 modules)
 ✓ Compiled in 315ms (324 modules)
 ✓ Compiled in 223ms (324 modules)
 ✓ Compiled in 265ms (324 modules)
 ✓ Compiled in 213ms (324 modules)
 ✓ Compiled in 293ms (324 modules)
 ✓ Compiled in 203ms (324 modules)
 ✓ Compiled in 284ms (324 modules)
 ✓ Compiled in 223ms (324 modules)
 ✓ Compiled in 343ms (324 modules)
 ✓ Compiled in 228ms (324 modules)
 ✓ Compiled in 388ms (324 modules)
 ✓ Compiled in 176ms (324 modules)
 ✓ Compiled in 347ms (324 modules)
 ✓ Compiled in 173ms (324 modules)
 ✓ Compiled in 760ms (324 modules)
 ✓ Compiled in 328ms (324 modules)
 ✓ Compiled in 346ms (324 modules)
 ✓ Compiled in 224ms (324 modules)
 ✓ Compiled in 283ms (324 modules)
 ✓ Compiled in 213ms (324 modules)
 ✓ Compiled in 294ms (324 modules)
 ✓ Compiled in 229ms (324 modules)
 ✓ Compiled in 296ms (324 modules)
 ✓ Compiled in 164ms (324 modules)
 ✓ Compiled in 307ms (324 modules)
 ✓ Compiled in 188ms (324 modules)
 ✓ Compiled in 280ms (324 modules)
 ✓ Compiled in 221ms (324 modules)
 ✓ Compiled in 277ms (324 modules)
 ✓ Compiled in 227ms (324 modules)
 ✓ Compiled in 260ms (324 modules)
 ✓ Compiled in 209ms (324 modules)
 ✓ Compiled in 276ms (324 modules)
 ✓ Compiled in 237ms (324 modules)
 ✓ Compiled in 271ms (324 modules)
 ✓ Compiled in 223ms (324 modules)
 ✓ Compiled in 332ms (324 modules)
 ✓ Compiled in 236ms (324 modules)
 ✓ Compiled in 271ms (324 modules)
 ✓ Compiled in 156ms (324 modules)
 ✓ Compiled in 331ms (324 modules)
 ✓ Compiled in 156ms (324 modules)
 ✓ Compiled in 320ms (324 modules)
 ✓ Compiled in 172ms (324 modules)
 ✓ Compiled in 328ms (324 modules)
 ✓ Compiled in 171ms (324 modules)
 ✓ Compiled in 292ms (324 modules)
 ✓ Compiled in 215ms (324 modules)
 ✓ Compiled in 294ms (324 modules)
 ✓ Compiled in 258ms (324 modules)
 ✓ Compiled in 321ms (324 modules)
 ✓ Compiled in 215ms (324 modules)
 ✓ Compiled in 343ms (324 modules)
 ✓ Compiled in 242ms (324 modules)
 ✓ Compiled in 264ms (324 modules)
 ✓ Compiled in 226ms (324 modules)
 ✓ Compiled in 294ms (324 modules)
 ✓ Compiled in 219ms (324 modules)
 ✓ Compiled in 279ms (324 modules)
 ✓ Compiled in 234ms (324 modules)
 ✓ Compiled in 209ms (324 modules)
 ✓ Compiled in 297ms (324 modules)
 ✓ Compiled in 226ms (324 modules)
 ✓ Compiled in 278ms (324 modules)
 ✓ Compiled in 221ms (324 modules)
 ✓ Compiled in 262ms (324 modules)
 ✓ Compiled in 255ms (324 modules)
 ✓ Compiled in 238ms (324 modules)
 ✓ Compiled in 256ms (324 modules)
 ✓ Compiled in 239ms (324 modules)
 ✓ Compiled in 247ms (324 modules)
 ✓ Compiled in 264ms (324 modules)
 ✓ Compiled in 488ms (324 modules)
 ✓ Compiled in 587ms (324 modules)
 ✓ Compiled in 308ms (324 modules)
 ✓ Compiled in 227ms (324 modules)
 ✓ Compiled in 274ms (324 modules)
 ✓ Compiled in 232ms (324 modules)
 ✓ Compiled in 272ms (324 modules)
 ✓ Compiled in 202ms (324 modules)
 ✓ Compiled in 279ms (324 modules)
 ✓ Compiled in 231ms (324 modules)
 ✓ Compiled in 364ms (324 modules)
 ✓ Compiled in 180ms (324 modules)
 ✓ Compiled in 327ms (324 modules)
 ✓ Compiled in 174ms (324 modules)
 ✓ Compiled in 307ms (324 modules)
 ✓ Compiled in 190ms (324 modules)
 ✓ Compiled in 322ms (324 modules)
 ✓ Compiled in 155ms (324 modules)
 ✓ Compiled in 330ms (324 modules)
 ✓ Compiled in 175ms (324 modules)
 ✓ Compiled in 298ms (324 modules)
 ✓ Compiled in 161ms (324 modules)
 ✓ Compiled in 274ms (324 modules)
 ✓ Compiled in 220ms (324 modules)
 ✓ Compiled in 281ms (324 modules)
 ✓ Compiled in 218ms (324 modules)
 ✓ Compiled in 279ms (324 modules)
 ✓ Compiled in 199ms (324 modules)
 ✓ Compiled in 336ms (324 modules)
 ✓ Compiled in 157ms (324 modules)
 ✓ Compiled in 282ms (324 modules)
 ✓ Compiled in 207ms (324 modules)
 ✓ Compiled in 275ms (324 modules)
 ✓ Compiled in 232ms (324 modules)
 ✓ Compiled in 265ms (324 modules)
 ✓ Compiled in 209ms (324 modules)
 ✓ Compiled in 283ms (324 modules)
 ✓ Compiled in 215ms (324 modules)
 ✓ Compiled in 286ms (324 modules)
 ✓ Compiled in 208ms (324 modules)
 ✓ Compiled in 272ms (324 modules)
 ✓ Compiled in 262ms (324 modules)
 ✓ Compiled in 270ms (324 modules)
 ✓ Compiled in 197ms (324 modules)
 ✓ Compiled in 277ms (324 modules)
 ✓ Compiled in 208ms (324 modules)
 ✓ Compiled in 265ms (324 modules)
 ✓ Compiled in 198ms (324 modules)
 ✓ Compiled in 236ms (324 modules)
 ✓ Compiled in 261ms (324 modules)
 ✓ Compiled in 293ms (324 modules)
 ✓ Compiled in 266ms (324 modules)
 ✓ Compiled in 242ms (324 modules)
 ✓ Compiled in 251ms (324 modules)
 ✓ Compiled in 171ms (324 modules)
 ✓ Compiled in 301ms (324 modules)
 ✓ Compiled in 177ms (324 modules)
 ✓ Compiled in 321ms (324 modules)
 ✓ Compiled in 174ms (324 modules)
 ✓ Compiled in 687ms (324 modules)
 ✓ Compiled in 431ms (324 modules)
 ✓ Compiled in 278ms (324 modules)
 ✓ Compiled in 267ms (324 modules)
 ✓ Compiled in 226ms (324 modules)
 ✓ Compiled in 261ms (324 modules)
 ✓ Compiled in 249ms (324 modules)
 ✓ Compiled in 295ms (324 modules)
 ✓ Compiled in 194ms (324 modules)
 ✓ Compiled in 297ms (324 modules)
 ✓ Compiled in 187ms (324 modules)
 ✓ Compiled in 309ms (324 modules)
 ✓ Compiled in 188ms (324 modules)
 ✓ Compiled in 313ms (324 modules)
 ✓ Compiled in 177ms (324 modules)
 ✓ Compiled in 309ms (324 modules)
 ✓ Compiled in 211ms (324 modules)
 ✓ Compiled in 191ms (324 modules)
 ✓ Compiled in 289ms (324 modules)
 ✓ Compiled in 177ms (324 modules)
 ✓ Compiled in 297ms (324 modules)
 ✓ Compiled in 155ms (324 modules)
 ✓ Compiled in 345ms (324 modules)
 ✓ Compiled in 199ms (324 modules)
 ✓ Compiled in 308ms (324 modules)
 ✓ Compiled in 166ms (324 modules)
 ✓ Compiled in 328ms (324 modules)
 ✓ Compiled in 168ms (324 modules)
 ✓ Compiled in 241ms (324 modules)
 ✓ Compiled in 230ms (324 modules)
 ✓ Compiled in 179ms (324 modules)
 ✓ Compiled in 287ms (324 modules)
 ✓ Compiled in 189ms (324 modules)
 ✓ Compiled in 286ms (324 modules)
 ✓ Compiled in 167ms (324 modules)
 ✓ Compiled in 335ms (324 modules)
 ✓ Compiled in 168ms (324 modules)
 ✓ Compiled in 332ms (324 modules)
 ✓ Compiled in 195ms (324 modules)
 ✓ Compiled in 289ms (324 modules)
 ✓ Compiled in 205ms (324 modules)
 ✓ Compiled in 231ms (324 modules)
 ✓ Compiled in 307ms (324 modules)
 ✓ Compiled in 248ms (324 modules)
 ✓ Compiled in 245ms (324 modules)
 ✓ Compiled in 272ms (324 modules)
 ✓ Compiled in 258ms (324 modules)
 ✓ Compiled in 225ms (324 modules)
 ✓ Compiled in 405ms (324 modules)
 ✓ Compiled in 485ms (324 modules)
 ✓ Compiled in 526ms (324 modules)
 ✓ Compiled in 577ms (324 modules)
 ✓ Compiled in 408ms (324 modules)
 ✓ Compiled in 393ms (324 modules)
 ✓ Compiled in 499ms (324 modules)
 ✓ Compiled in 478ms (324 modules)
 ✓ Compiled in 316ms (324 modules)
 ✓ Compiled in 468ms (324 modules)
 GET / 200 in 714ms
 ✓ Compiled in 808ms (324 modules)
 ✓ Compiled in 1092ms (324 modules)
 ✓ Compiled in 1315ms (324 modules)
 ✓ Compiled in 778ms (324 modules)
 ✓ Compiled in 525ms (324 modules)
 ✓ Compiled in 610ms (324 modules)
 ✓ Compiled in 693ms (324 modules)
 ✓ Compiled in 793ms (324 modules)
 ✓ Compiled in 1011ms (324 modules)
 ✓ Compiled in 1179ms (324 modules)
 ✓ Compiled in 847ms (324 modules)
 GET / 200 in 989ms
 ✓ Compiled in 652ms (324 modules)
 ✓ Compiled in 903ms (324 modules)
 GET / 200 in 1085ms
 ✓ Compiled in 691ms (324 modules)
 ✓ Compiled in 897ms (324 modules)
 GET / 200 in 1100ms
 ✓ Compiled in 620ms (324 modules)
 ✓ Compiled in 1002ms (324 modules)
 GET / 200 in 1175ms
 ✓ Compiled in 821ms (324 modules)
 ✓ Compiled in 899ms (324 modules)
 GET / 200 in 1112ms
 ✓ Compiled in 707ms (324 modules)
 ✓ Compiled in 804ms (324 modules)
 GET / 200 in 1416ms
 ✓ Compiled in 773ms (324 modules)
 ✓ Compiled in 799ms (324 modules)
 GET / 200 in 981ms
 ✓ Compiled in 706ms (324 modules)
 ✓ Compiled in 910ms (324 modules)
 GET / 200 in 1097ms
 ✓ Compiled in 777ms (324 modules)
 ✓ Compiled in 893ms (324 modules)
 GET / 200 in 995ms
 ✓ Compiled in 814ms (324 modules)
 ✓ Compiled in 790ms (324 modules)
 GET / 200 in 917ms
 ✓ Compiled in 814ms (324 modules)
 ✓ Compiled in 871ms (324 modules)
 GET / 200 in 993ms
 ✓ Compiled in 703ms (324 modules)
 ✓ Compiled in 824ms (324 modules)
 GET / 200 in 999ms
 ✓ Compiled in 610ms (324 modules)
 ✓ Compiled in 795ms (324 modules)
 GET / 200 in 909ms
 ✓ Compiled in 604ms (324 modules)
 ✓ Compiled in 605ms (324 modules)
 ✓ Compiled in 706ms (324 modules)
 ✓ Compiled in 770ms (324 modules)
 ✓ Compiled in 696ms (324 modules)
 ✓ Compiled in 612ms (324 modules)
 ✓ Compiled in 757ms (324 modules)
 ✓ Compiled in 694ms (324 modules)
 ✓ Compiled in 800ms (324 modules)
 ✓ Compiled in 606ms (324 modules)
 ✓ Compiled in 765ms (324 modules)
 ✓ Compiled in 707ms (324 modules)
 ✓ Compiled in 897ms (324 modules)
 ✓ Compiled in 782ms (324 modules)
 ✓ Compiled in 601ms (324 modules)
 ✓ Compiled in 713ms (324 modules)
 ✓ Compiled in 784ms (324 modules)
 ✓ Compiled in 718ms (324 modules)
 ✓ Compiled in 474ms (324 modules)
 ✓ Compiled in 249ms (324 modules)
 ✓ Compiled in 256ms (324 modules)
 ✓ Compiled in 287ms (324 modules)
 ✓ Compiled in 304ms (324 modules)
 ✓ Compiled in 231ms (324 modules)
 ✓ Compiled in 669ms (324 modules)
 ✓ Compiled in 484ms (324 modules)
 ✓ Compiled in 215ms (324 modules)
 ✓ Compiled in 319ms (324 modules)
 ✓ Compiled in 192ms (324 modules)
 ✓ Compiled in 308ms (324 modules)
 ✓ Compiled in 202ms (324 modules)
 ✓ Compiled in 298ms (324 modules)
 ✓ Compiled in 259ms (324 modules)
 ✓ Compiled in 251ms (324 modules)
 ✓ Compiled in 237ms (324 modules)
 ✓ Compiled in 270ms (324 modules)
 ✓ Compiled in 343ms (324 modules)
 ✓ Compiled in 204ms (324 modules)
 ✓ Compiled in 285ms (324 modules)
 ✓ Compiled in 218ms (324 modules)
 ✓ Compiled in 317ms (324 modules)
 ✓ Compiled in 201ms (324 modules)
 ✓ Compiled in 246ms (324 modules)
 ✓ Compiled in 239ms (324 modules)
 ✓ Compiled in 187ms (324 modules)
 ✓ Compiled in 300ms (324 modules)
 ✓ Compiled in 183ms (324 modules)
 ✓ Compiled in 301ms (324 modules)
 ✓ Compiled in 174ms (324 modules)
 ✓ Compiled in 311ms (324 modules)
 ✓ Compiled in 179ms (324 modules)
 ✓ Compiled in 304ms (324 modules)
 ✓ Compiled in 155ms (324 modules)
 ✓ Compiled in 279ms (324 modules)
 ✓ Compiled in 198ms (324 modules)
 ✓ Compiled in 285ms (324 modules)
 ✓ Compiled in 212ms (324 modules)
 ✓ Compiled in 281ms (324 modules)
 ✓ Compiled in 222ms (324 modules)
 ✓ Compiled in 285ms (324 modules)
 ✓ Compiled in 224ms (324 modules)
 ✓ Compiled in 331ms (324 modules)
 ✓ Compiled in 163ms (324 modules)
 ✓ Compiled in 268ms (324 modules)
 ✓ Compiled in 217ms (324 modules)
 ✓ Compiled in 281ms (324 modules)
 ✓ Compiled in 285ms (324 modules)
 ✓ Compiled in 288ms (324 modules)
 ✓ Compiled in 195ms (324 modules)
 ✓ Compiled in 298ms (324 modules)
 ✓ Compiled in 295ms (324 modules)
 ✓ Compiled in 296ms (324 modules)
 ✓ Compiled in 208ms (324 modules)
 ✓ Compiled in 296ms (324 modules)
 ✓ Compiled in 217ms (324 modules)
 ✓ Compiled in 288ms (324 modules)
 ✓ Compiled in 186ms (324 modules)
 ✓ Compiled in 307ms (324 modules)
 ✓ Compiled in 198ms (324 modules)
 ✓ Compiled in 307ms (324 modules)
 ✓ Compiled in 180ms (324 modules)
 ✓ Compiled in 311ms (324 modules)
 ✓ Compiled in 188ms (324 modules)
 ✓ Compiled in 307ms (324 modules)
 ✓ Compiled in 757ms (324 modules)
 ✓ Compiled in 296ms (324 modules)
 ✓ Compiled in 291ms (324 modules)
 ✓ Compiled in 257ms (324 modules)
 ✓ Compiled in 262ms (324 modules)
 ✓ Compiled in 330ms (324 modules)
 ✓ Compiled in 304ms (324 modules)
 ✓ Compiled in 303ms (324 modules)
 ✓ Compiled in 217ms (324 modules)
 ✓ Compiled in 298ms (324 modules)
 ✓ Compiled in 210ms (324 modules)
 ✓ Compiled in 287ms (324 modules)
 ✓ Compiled in 220ms (324 modules)
 ✓ Compiled in 343ms (324 modules)
 ✓ Compiled in 202ms (324 modules)
 ✓ Compiled in 298ms (324 modules)
 ✓ Compiled in 204ms (324 modules)
 ✓ Compiled in 227ms (324 modules)
 ✓ Compiled in 264ms (324 modules)
 ✓ Compiled in 158ms (324 modules)
 ✓ Compiled in 332ms (324 modules)
 ✓ Compiled in 161ms (324 modules)
 ✓ Compiled in 336ms (324 modules)
 ✓ Compiled in 173ms (324 modules)
 ✓ Compiled in 276ms (324 modules)
 ✓ Compiled in 184ms (324 modules)
 ✓ Compiled in 291ms (324 modules)
 ✓ Compiled in 173ms (324 modules)
 ✓ Compiled in 329ms (324 modules)
 ✓ Compiled in 186ms (324 modules)
 ✓ Compiled in 278ms (324 modules)
 ✓ Compiled in 350ms (324 modules)
 ✓ Compiled in 404ms (324 modules)
 ✓ Compiled in 405ms (324 modules)
 ✓ Compiled in 390ms (324 modules)
 ✓ Compiled in 534ms (324 modules)
 ✓ Compiled in 340ms (324 modules)
 ✓ Compiled in 414ms (324 modules)
 ✓ Compiled in 496ms (324 modules)
 ✓ Compiled in 424ms (324 modules)
 ✓ Compiled in 470ms (324 modules)
 ✓ Compiled in 489ms (324 modules)
 GET / 200 in 590ms
 ✓ Compiled in 682ms (324 modules)
 ✓ Compiled in 804ms (324 modules)
 ✓ Compiled in 701ms (324 modules)
 ✓ Compiled in 694ms (324 modules)
 ✓ Compiled in 714ms (324 modules)
 ✓ Compiled in 593ms (324 modules)
 ✓ Compiled in 615ms (324 modules)
 ✓ Compiled in 691ms (324 modules)
 ✓ Compiled in 896ms (324 modules)
 ✓ Compiled in 891ms (324 modules)
 ✓ Compiled in 1290ms (324 modules)
 GET / 200 in 1507ms
 ✓ Compiled in 801ms (324 modules)
 ✓ Compiled in 916ms (324 modules)
 GET / 200 in 1607ms
 ○ Compiling /assessment ...
 ✓ Compiled /assessment in 10.7s (821 modules)
 GET /assessment 200 in 11614ms
 ✓ Compiled in 1609ms (362 modules)
 GET /assessment 200 in 1233ms
 ✓ Compiled in 1094ms (362 modules)
 GET /assessment 200 in 899ms
 ✓ Compiled in 907ms (362 modules)
 ✓ Compiled in 919ms (362 modules)
 GET /assessment 200 in 898ms
 ✓ Compiled in 911ms (362 modules)
 GET /assessment 200 in 906ms
 GET /assessment 200 in 785ms
 ✓ Compiled in 799ms (362 modules)
 ✓ Compiled in 901ms (362 modules)
 GET /assessment 200 in 1615ms
 ✓ Compiled in 878ms (362 modules)
 GET /assessment 200 in 711ms
 ✓ Compiled in 912ms (362 modules)
 GET /assessment 200 in 1004ms
 ✓ Compiled in 1111ms (362 modules)
 GET /assessment 200 in 992ms
 ✓ Compiled in 890ms (362 modules)
 GET /assessment 200 in 989ms
 ✓ Compiled in 979ms (362 modules)
 GET /assessment 200 in 706ms
 ✓ Compiled in 902ms (362 modules)
 GET /assessment 200 in 302ms
 ✓ Compiled in 911ms (362 modules)
 GET /assessment 200 in 987ms
 ✓ Compiled in 990ms (362 modules)
 GET /assessment 200 in 886ms
 ✓ Compiled in 886ms (362 modules)
 GET /assessment 200 in 817ms
 ✓ Compiled in 792ms (362 modules)
 GET /assessment 200 in 673ms
 ✓ Compiled in 915ms (362 modules)
 GET /assessment 200 in 746ms
 ✓ Compiled in 979ms (362 modules)
 GET /assessment 200 in 1098ms
 ✓ Compiled in 811ms (362 modules)
 GET /assessment 200 in 297ms
 ✓ Compiled in 896ms (362 modules)
 GET /assessment 200 in 791ms
 ✓ Compiled in 880ms (362 modules)
 GET /assessment 200 in 596ms
 ✓ Compiled in 921ms (362 modules)
 GET /assessment 200 in 798ms
 ✓ Compiled in 777ms (362 modules)
 GET /assessment 200 in 313ms
 ✓ Compiled in 993ms (362 modules)
 GET /assessment 200 in 403ms
 ✓ Compiled in 904ms (362 modules)
 GET /assessment 200 in 396ms
 ✓ Compiled in 815ms (362 modules)
 GET /assessment 200 in 807ms
 ✓ Compiled in 790ms (362 modules)
 GET /assessment 200 in 908ms
 ✓ Compiled in 996ms (362 modules)
 GET /assessment 200 in 816ms
 ✓ Compiled in 887ms (362 modules)
 GET /assessment 200 in 377ms
 ✓ Compiled in 830ms (362 modules)
 GET /assessment 200 in 897ms
 ✓ Compiled in 859ms (362 modules)
 GET /assessment 200 in 899ms
 ✓ Compiled in 902ms (362 modules)
 GET /assessment 200 in 418ms
 ✓ Compiled in 1094ms (362 modules)
 GET /assessment 200 in 783ms
 ✓ Compiled in 906ms (362 modules)
 GET /assessment 200 in 132ms
 ✓ Compiled in 891ms (362 modules)
 GET /assessment 200 in 700ms
 ✓ Compiled in 907ms (362 modules)
 GET /assessment 200 in 900ms
 ✓ Compiled in 801ms (362 modules)
 GET /assessment 200 in 722ms
 ✓ Compiled in 1002ms (362 modules)
 GET /assessment 200 in 691ms
 ✓ Compiled in 985ms (362 modules)
 GET /assessment 200 in 1086ms
 ✓ Compiled in 996ms (362 modules)
 GET /assessment 200 in 206ms
 ✓ Compiled in 818ms (362 modules)
 GET /assessment 200 in 916ms
 ✓ Compiled in 882ms (362 modules)
 GET /assessment 200 in 307ms
 ✓ Compiled in 898ms (362 modules)
 GET /assessment 200 in 729ms
 ✓ Compiled in 988ms (362 modules)
 GET /assessment 200 in 1015ms
 ✓ Compiled in 894ms (362 modules)
 GET /assessment 200 in 393ms
 ✓ Compiled in 896ms (362 modules)
 GET /assessment 200 in 376ms
 ✓ Compiled in 1017ms (362 modules)
 GET /assessment 200 in 809ms
 ✓ Compiled in 994ms (362 modules)
 GET /assessment 200 in 806ms
 ✓ Compiled in 800ms (362 modules)
 GET /assessment 200 in 884ms
 ✓ Compiled in 806ms (362 modules)
 ⨯ SyntaxError: Unexpected end of JSON input
    at JSON.parse (<anonymous>) {
  page: '/assessment'
}
 ○ Compiling /_error ...
 GET /assessment 500 in 3222ms
 ✓ Compiled /_error in 9.3s (1150 modules)
 ✓ Compiled in 632ms (604 modules)
 ✓ Compiled in 444ms (604 modules)
 ✓ Compiled in 354ms (604 modules)
 ✓ Compiled in 292ms (604 modules)
 ✓ Compiled in 395ms (604 modules)
 ✓ Compiled in 329ms (604 modules)
 ✓ Compiled in 293ms (604 modules)
 ✓ Compiled in 357ms (604 modules)
 ✓ Compiled in 248ms (604 modules)
 ✓ Compiled in 378ms (604 modules)
 ✓ Compiled in 301ms (604 modules)
 ✓ Compiled in 382ms (604 modules)
 ✓ Compiled in 301ms (604 modules)
 ✓ Compiled in 328ms (604 modules)
 ✓ Compiled in 287ms (604 modules)
 ✓ Compiled in 381ms (604 modules)
 ✓ Compiled in 296ms (604 modules)
 ✓ Compiled in 308ms (604 modules)
 ✓ Compiled in 382ms (604 modules)
 ✓ Compiled in 389ms (604 modules)
 ✓ Compiled in 289ms (604 modules)
 ✓ Compiled in 321ms (604 modules)
 ✓ Compiled in 301ms (604 modules)
 ✓ Compiled in 397ms (604 modules)
 ✓ Compiled in 227ms (604 modules)
 ✓ Compiled in 373ms (604 modules)
 ✓ Compiled in 275ms (604 modules)
 ✓ Compiled in 312ms (604 modules)
 ✓ Compiled in 292ms (604 modules)
 ✓ Compiled in 296ms (604 modules)
 ✓ Compiled in 378ms (604 modules)
 ✓ Compiled in 295ms (604 modules)
 ✓ Compiled in 440ms (604 modules)
 ✓ Compiled in 555ms (604 modules)
 ✓ Compiled in 595ms (604 modules)
 ✓ Compiled in 519ms (604 modules)
 ✓ Compiled in 573ms (604 modules)
 ✓ Compiled in 423ms (604 modules)
 ✓ Compiled in 675ms (604 modules)
 ✓ Compiled in 925ms (604 modules)
 GET / 200 in 1000ms
 ✓ Compiled in 819ms (604 modules)
 ✓ Compiled in 915ms (604 modules)
 ✓ Compiled in 1181ms (604 modules)
 ✓ Compiled in 804ms (604 modules)
 ✓ Compiled in 715ms (604 modules)
 ✓ Compiled in 983ms (604 modules)
 ✓ Compiled in 1080ms (604 modules)
 ✓ Compiled in 1196ms (604 modules)
 GET / 200 in 1293ms
 ✓ Compiled in 1007ms (604 modules)
 GET / 200 in 206ms
 ✓ Compiled in 832ms (604 modules)
 ✓ Compiled in 302ms (604 modules)
 ✓ Compiled in 264ms (604 modules)
 ✓ Compiled in 353ms (604 modules)
 ✓ Compiled in 277ms (604 modules)
 ✓ Compiled in 417ms (604 modules)
 ✓ Compiled in 1701ms (604 modules)
 ✓ Compiled in 376ms (604 modules)
 ✓ Compiled in 338ms (604 modules)
 ✓ Compiled in 389ms (604 modules)
 ✓ Compiled in 362ms (604 modules)
 ✓ Compiled in 308ms (604 modules)
 ✓ Compiled in 326ms (604 modules)
 ✓ Compiled in 226ms (604 modules)
 ✓ Compiled in 374ms (604 modules)
 ✓ Compiled in 224ms (604 modules)
 ✓ Compiled in 343ms (604 modules)
 ✓ Compiled in 330ms (604 modules)
 ✓ Compiled in 242ms (604 modules)
 ✓ Compiled in 387ms (604 modules)
 ✓ Compiled in 277ms (604 modules)
 ✓ Compiled in 377ms (604 modules)
 ✓ Compiled in 311ms (604 modules)
 ✓ Compiled in 270ms (604 modules)
 ✓ Compiled in 333ms (604 modules)
 ✓ Compiled in 269ms (604 modules)
 ✓ Compiled in 364ms (604 modules)
 ✓ Compiled in 340ms (604 modules)
 ✓ Compiled in 298ms (604 modules)
 ✓ Compiled in 345ms (604 modules)
 ✓ Compiled in 254ms (604 modules)
 ✓ Compiled in 361ms (604 modules)
 ✓ Compiled in 320ms (604 modules)
 ✓ Compiled in 246ms (604 modules)
 ✓ Compiled in 372ms (604 modules)
 ✓ Compiled in 257ms (604 modules)
 ✓ Compiled in 353ms (604 modules)
 ✓ Compiled in 349ms (604 modules)
 ✓ Compiled in 249ms (604 modules)
 ✓ Compiled in 380ms (604 modules)
 ✓ Compiled in 253ms (604 modules)
 ✓ Compiled in 340ms (604 modules)
 ✓ Compiled in 289ms (604 modules)
 ✓ Compiled in 314ms (604 modules)
 ✓ Compiled in 399ms (604 modules)
 ✓ Compiled in 259ms (604 modules)
 ✓ Compiled in 483ms (604 modules)
 ✓ Compiled in 525ms (604 modules)
 ✓ Compiled in 502ms (604 modules)
 ✓ Compiled in 614ms (604 modules)
 ✓ Compiled in 495ms (604 modules)
 ✓ Compiled in 503ms (604 modules)
 ✓ Compiled in 693ms (604 modules)
 ✓ Compiled in 500ms (604 modules)
 GET / 200 in 1382ms
 ✓ Compiled in 992ms (604 modules)
 ✓ Compiled in 907ms (604 modules)
 ✓ Compiled in 608ms (604 modules)
 ✓ Compiled in 611ms (604 modules)
 ✓ Compiled in 602ms (604 modules)
 ✓ Compiled in 526ms (604 modules)
 ✓ Compiled in 680ms (604 modules)
